2026-05-30 01:28:42,456 [INFO] ==================================================
2026-05-30 01:28:42,456 [INFO] main.py 起動しました。
2026-05-30 01:29:03,892 [INFO] 強制ログインなしでログインしました。
2026-05-30 01:29:04,205 [INFO] 予約業務画面に移動しました。
2026-05-30 01:29:06,303 [INFO] 検索完了
2026-05-30 01:29:07,389 [INFO] stateファイルなし
2026-05-30 01:29:07,389 [INFO] 新規検知件数: 22
2026-05-30 01:29:07,390 [INFO] state更新件数: 10
2026-05-30 02:05:20,227 [INFO] ==================================================
2026-05-30 02:05:20,227 [INFO] main.py 起動しました。
2026-05-30 02:05:32,601 [INFO] 予約業務画面に移動しました。
2026-05-30 02:05:34,733 [INFO] 検索完了
2026-05-30 02:05:35,667 [INFO] 新規検知件数: 0
2026-05-30 02:05:35,668 [INFO] state更新件数: 10
2026-05-30 02:20:12,440 [INFO] ==================================================
2026-05-30 02:20:12,440 [INFO] main.py 起動しました。
2026-05-30 02:20:25,124 [INFO] 予約業務画面に移動しました。
2026-05-30 02:20:27,213 [INFO] 検索完了
2026-05-30 02:20:28,130 [INFO] stateファイルなし
2026-05-30 02:20:28,130 [INFO] 新規検知件数: 22
2026-05-30 02:20:28,131 [INFO] state保存件数: 10
2026-05-30 02:20:28,138 [INFO] 2471827053 新規だがN日外
2026-05-30 02:20:28,138 [INFO] J22-202-389 新規だがN日外
2026-05-30 02:20:28,138 [INFO] 8RAJKA3E 取消通知
2026-05-30 02:20:28,139 [INFO] 6319753209 新規だがN日外
2026-05-30 02:20:28,139 [INFO] 6400936692 新規だがN日外
2026-05-30 02:20:28,139 [INFO] 1732185679 新規だがN日外
2026-05-30 02:20:28,139 [INFO] 22315095915064 新規だがN日外
2026-05-30 02:20:28,139 [INFO] 1359044796267912 取消通知
2026-05-30 02:20:28,139 [INFO] 1732149469 新規だがN日外
2026-05-30 02:20:28,139 [INFO] 6201627939-001-001 新規だがN日外
2026-05-30 02:20:28,140 [INFO] 22315095294003 取消通知
2026-05-30 02:20:28,140 [INFO] 8RAT3QW9 新規だがN日外
2026-05-30 02:20:28,140 [INFO] 22315095918506 新規予約追加
2026-05-30 02:20:28,140 [INFO] J324044800-001-001-1 新規だがN日外
2026-05-30 02:20:28,140 [INFO] 1359044883975260 新規だがN日外
2026-05-30 02:20:28,140 [INFO] 1731817297 取消通知
2026-05-30 02:20:28,140 [INFO] 2471183370 新規予約追加
2026-05-30 02:20:28,140 [INFO] J22-201-373 新規だがN日外
2026-05-30 02:20:28,140 [INFO] J22-201-340 取消通知
2026-05-30 02:20:28,141 [INFO] 1359044883435213 新規だがN日外
2026-05-30 02:20:28,141 [INFO] 8RAT0U3H 新規だがN日外
2026-05-30 02:20:28,141 [INFO] J22-201-340 新規だがN日外
2026-05-30 02:20:28,142 [INFO] 通知キュー追加件数: 7
