2026-05-25 21:26:44,630 [INFO] ==================================================
2026-05-25 21:26:44,630 [INFO] main.py 起動しました。
2026-05-25 21:27:06,047 [INFO] 強制ログインなしでログインしました。
2026-05-25 21:27:06,299 [INFO] 予約業務画面に移動しました。
2026-05-25 21:27:06,299 [INFO] 前回の予約受信から 999 日以上経過しているため、JSONをリセットして同期します。
2026-05-25 21:27:22,667 [INFO] ==================================================
2026-05-25 21:27:22,667 [INFO] main.py 起動しました。
2026-05-25 21:27:37,029 [INFO] 予約業務画面に移動しました。
2026-05-25 21:27:37,033 [INFO] 前回の予約受信から 999 日以上経過しているため、JSONをリセットして同期します。
2026-05-25 21:27:52,632 [INFO] ==================================================
2026-05-25 21:27:52,632 [INFO] main.py 起動しました。
2026-05-25 21:28:06,499 [INFO] 予約業務画面に移動しました。
2026-05-25 21:28:06,499 [INFO] 前回の予約受信から 999 日以上経過しているため、JSONをリセットして同期します。
2026-05-25 22:30:17,897 [INFO] ==================================================
2026-05-25 22:30:17,897 [INFO] main.py 起動しました。
2026-05-25 22:30:35,504 [INFO] 予約業務画面に移動しました。
2026-05-25 22:30:35,504 [INFO] 前回の予約受信から 999 日以上経過しているため、JSONをリセットして同期します。
2026-05-25 22:31:18,943 [INFO] ==================================================
2026-05-25 22:31:18,943 [INFO] main.py 起動しました。
2026-05-25 22:31:32,581 [INFO] 予約業務画面に移動しました。
2026-05-25 22:31:32,581 [INFO] 前回の予約受信から 999 日以上経過しているため、JSONをリセットして同期します。
2026-05-25 22:50:42,801 [INFO] ==================================================
2026-05-25 22:50:42,801 [INFO] main.py 起動しました。
2026-05-25 22:51:03,741 [INFO] ==================================================
2026-05-25 22:51:03,741 [INFO] main.py 起動しました。
2026-05-25 22:51:17,621 [INFO] 予約業務画面に移動しました。
2026-05-25 22:51:17,621 [INFO] 前回の予約受信から 999 日以上経過しているため、JSONをリセットして同期します。
2026-05-25 22:52:18,094 [INFO] ==================================================
2026-05-25 22:52:18,094 [INFO] main.py 起動しました。
2026-05-25 22:52:32,030 [INFO] 予約業務画面に移動しました。
2026-05-25 22:52:32,030 [INFO] 前回の予約受信から 999 日以上経過しているため、JSONをリセットして同期します。
2026-05-25 23:11:53,540 [INFO] ==================================================
2026-05-25 23:11:53,540 [INFO] main.py 起動しました。
2026-05-25 23:12:05,498 [INFO] 予約業務画面に移動しました。
2026-05-25 23:12:05,498 [INFO] 前回の予約受信から 999 日以上経過しているため、JSONをリセットして同期します。
2026-05-25 23:12:07,886 [INFO] 検索完了
2026-05-25 23:12:09,617 [INFO] 初回またはリセット実行のため、画面上のすべての行をチェックします。
