2026-05-19 00:04:57,487 [INFO] ==================================================
2026-05-19 00:04:57,487 [INFO] main.py 起動しました。
2026-05-19 00:05:16,927 [INFO] 強制ログインなしでログインしました。
2026-05-19 00:05:18,986 [INFO] 前回の予約受信から 999 日以上経過しているため、JSONをリセットして同期します。
2026-05-19 00:05:18,990 [INFO] 初回またはリセット実行のため、安全な範囲で検索します。
2026-05-19 00:05:20,938 [INFO] 初回またはリセット実行のため、画面上のすべての行をチェックします。
2026-05-19 00:05:22,140 [INFO] 基準データ更新 予約番号:1400826113820737
2026-05-19 00:05:22,141 [INFO] ➔ 画面上の全データをチェックし、キューを更新します。
2026-05-19 00:07:27,006 [INFO] ==================================================
2026-05-19 00:07:27,007 [INFO] main.py 起動しました。
2026-05-19 00:07:33,914 [INFO] 前回データと1日以内のため、『前日～当日』で検索します。
2026-05-19 00:07:36,960 [INFO] 最新予約（および変更情報）はありません。何もしません。
2026-05-19 00:18:28,232 [INFO] ==================================================
2026-05-19 00:18:28,232 [INFO] main.py 起動しました。
2026-05-19 00:18:35,132 [INFO] 前回データと1日以内のため、『前日～当日』で検索します。
2026-05-19 00:18:38,255 [INFO] 最新予約（および変更情報）はありません。何もしません。
2026-05-19 00:18:38,256 [INFO] notification_queue.json が存在しません
2026-05-19 01:30:29,912 [INFO] ==================================================
2026-05-19 01:30:29,912 [INFO] main.py 起動しました。
2026-05-19 01:30:41,447 [INFO] 前回データと1日以内のため、『前日～当日』で検索します。
2026-05-19 01:30:44,846 [INFO] 【新着・変更あり】新しいデータを検知しました！
2026-05-19 01:30:44,847 [INFO] メインのJSONファイルを更新しました。
2026-05-19 01:30:44,847 [INFO] 未確認の新着・変更予約が 1 件あります。
2026-05-19 01:30:44,847 [INFO] ➔ 新着・変更 1 件をチェックし、キューを更新します。
2026-05-19 17:16:28,891 [INFO] ==================================================
2026-05-19 17:16:28,891 [INFO] main.py 起動しました。
2026-05-19 17:16:54,719 [INFO] ==================================================
2026-05-19 17:16:54,719 [INFO] main.py 起動しました。
2026-05-19 17:17:13,994 [INFO] 強制ログインなしでログインしました。
2026-05-19 17:17:16,048 [INFO] 前回データと1日以内のため、『前日～当日』で検索します。
2026-05-19 17:17:19,934 [INFO] 【新着・変更あり】新しいデータを検知しました！
2026-05-19 17:17:19,934 [INFO] メインのJSONファイルを更新しました。
2026-05-19 17:17:19,934 [INFO] 未確認の新着・変更予約が 18 件あります。
2026-05-19 17:17:19,935 [INFO] ➔ 新着・変更 18 件をチェックし、キューを更新します。
