2026-06-05 15:40:04,297 [INFO] ==================================================
2026-06-05 15:40:04,297 [INFO] main.py 起動しました。
2026-06-05 15:40:23,525 [INFO] 強制ログインなしでログインしました。
2026-06-05 15:40:23,822 [INFO] 予約業務画面に移動しました。
2026-06-05 15:40:26,093 [INFO] 検索完了
2026-06-05 15:40:27,965 [INFO] 新規検知件数: 46
2026-06-05 15:40:27,965 [INFO] CSV出力開始
2026-06-05 15:40:28,314 [INFO] 料理ランク取得用を選択
2026-06-05 15:40:28,321 [INFO] CSV出力実行
2026-06-05 15:41:25,831 [INFO] ==================================================
2026-06-05 15:41:25,832 [INFO] main.py 起動しました。
2026-06-05 15:41:37,811 [INFO] 予約業務画面に移動しました。
2026-06-05 15:41:40,181 [INFO] 検索完了
2026-06-05 15:41:42,079 [INFO] 新規検知件数: 46
2026-06-05 15:41:42,079 [INFO] CSV出力開始
2026-06-05 15:41:42,381 [INFO] 料理ランク取得用を選択
2026-06-05 15:41:42,386 [INFO] CSV出力実行
2026-06-05 15:42:28,749 [INFO] ==================================================
2026-06-05 15:42:28,749 [INFO] main.py 起動しました。
2026-06-05 15:42:43,251 [INFO] 予約業務画面に移動しました。
2026-06-05 15:42:45,602 [INFO] 検索完了
2026-06-05 15:42:47,402 [INFO] 新規検知件数: 46
2026-06-05 15:42:47,404 [INFO] CSV出力開始
2026-06-05 15:42:47,667 [INFO] 料理ランク取得用を選択
2026-06-05 15:42:47,673 [INFO] CSV出力実行
2026-06-05 15:42:52,743 [INFO] CSV件数:46
2026-06-05 15:42:52,745 [INFO] state保存件数: 10
2026-06-05 15:42:52,752 [INFO] 5065712677 新規だがN日外
2026-06-05 15:42:52,752 [INFO] RYa0mwgsw5 取消通知
2026-06-05 15:42:52,752 [INFO] 1734089317 取消通知
2026-06-05 15:42:52,752 [INFO] RYa0mwgub1 新規だがN日外
2026-06-05 15:42:52,752 [INFO] RYa0mwgsw5 新規だがN日外
2026-06-05 15:42:52,752 [INFO] 1734331896 新規だがN日外
2026-06-05 15:42:52,752 [INFO] 6202408769-001-001 取消通知
2026-06-05 15:42:52,752 [INFO] 6350944297 新規だがN日外
2026-06-05 15:42:52,752 [INFO] 6664688602 新規だがN日外
2026-06-05 15:42:52,752 [INFO] 0QM3FHKE 新規だがN日外
2026-06-05 15:42:52,752 [INFO] 8UA0E3NF 新規だがN日外
2026-06-05 15:42:52,752 [INFO] 2477010644 新規だがN日外
2026-06-05 15:42:52,752 [INFO] 6202409266-001-001 新規だがN日外
2026-06-05 15:42:52,752 [INFO] 6202408769-001-001 新規だがN日外
2026-06-05 15:42:52,752 [INFO] 1359045094828355 取消通知
2026-06-05 15:42:52,752 [INFO] 1359045094828355 新規だがN日外
2026-06-05 15:42:52,752 [INFO] 1734289960 新規だがN日外
2026-06-05 15:42:52,752 [INFO] 22315095965621 新規だがN日外
2026-06-05 15:42:52,753 [INFO] 1734271534 新規だがN日外
2026-06-05 15:42:52,753 [INFO] 6202399336-001-001 新規だがN日外
2026-06-05 15:42:52,753 [INFO] RYa0mwdsn7 新規だがN日外
2026-06-05 15:42:52,753 [INFO] 24996-05824(0003) 新規だがN日外
2026-06-05 15:42:52,753 [INFO] 6184661346-001-001 取消通知
2026-06-05 15:42:52,753 [INFO] 8UA0CNLX 新規だがN日外
2026-06-05 15:42:52,753 [INFO] 1734212085 新規だがN日外
2026-06-05 15:42:52,753 [INFO] 2019323502 新規だがN日外
2026-06-05 15:42:52,753 [INFO] 1734209176 新規だがN日外
2026-06-05 15:42:52,753 [INFO] 1731443604 取消通知
2026-06-05 15:42:52,753 [INFO] 665942755 新規だがN日外
2026-06-05 15:42:52,753 [INFO] 8UA0V8MU 新規だがN日外
2026-06-05 15:42:52,753 [INFO] IY1614449988 新規だがN日外
2026-06-05 15:42:52,753 [INFO] 22315095970476 取消通知
2026-06-05 15:42:52,753 [INFO] 1734089317 新規だがN日外
2026-06-05 15:42:52,753 [INFO] J22-210-269 新規だがN日外
2026-06-05 15:42:52,753 [INFO] J22-210-260 新規だがN日外
2026-06-05 15:42:52,753 [INFO] 8RAT3QW9 取消通知
2026-06-05 15:42:52,754 [INFO] 22315095970476 新規だがN日外
2026-06-05 15:42:52,754 [INFO] 2476239938 取消通知
2026-06-05 15:42:52,754 [INFO] 2476242178 新規だがN日外
2026-06-05 15:42:52,754 [INFO] 1128147958521899 取消通知
2026-06-05 15:42:52,754 [INFO] 2476239938 新規だがN日外
2026-06-05 15:42:52,754 [INFO] 1733989466 新規だがN日外
2026-06-05 15:42:52,754 [INFO] L428307540-001-001-1 新規だがN日外
2026-06-05 15:42:52,754 [INFO] 1359045027022110 新規だがN日外
2026-06-05 15:42:52,754 [INFO] 1359045026220388 新規だがN日外
2026-06-05 15:42:52,754 [INFO] 5355316917 新規予約追加
2026-06-05 15:42:52,755 [INFO] 通知キュー追加件数: 11
