2026-05-22 01:18:12,494 [INFO] ==================================================
2026-05-22 01:18:12,494 [INFO] main.py 起動しました。
2026-05-22 01:19:30,978 [INFO] ==================================================
2026-05-22 01:19:30,978 [INFO] main.py 起動しました。
2026-05-22 01:19:47,269 [INFO] 強制ログインなしでログインしました。
2026-05-22 01:19:47,270 [INFO] login_lincolnでログインしました。
2026-05-22 01:19:52,437 [INFO] 強制ログインなしでログインしました。
2026-05-22 01:19:52,733 [INFO] 前回の予約受信から 999 日以上経過しているため、JSONをリセットして同期します。
2026-05-22 01:19:52,739 [INFO] 初回またはリセット実行のため、安全な範囲で検索します。
2026-05-22 01:19:54,488 [INFO] 初回またはリセット実行のため、画面上のすべての行をチェックします。
2026-05-22 01:19:55,681 [INFO] 基準データ更新 予約番号:8RARNPCU
2026-05-22 01:19:55,681 [INFO] ➔ 画面上の全データをチェックし、キューを更新します。
2026-05-22 01:19:55,682 [INFO]    ➔ 予約番号 2465802691 の【新規 予約（N日以内）】を検知。キューの先頭に追加します。
2026-05-22 01:19:56,850 [INFO] 最新予約（および変更情報）はありません。何もしません。
2026-05-22 01:37:54,197 [INFO] ==================================================
2026-05-22 01:37:54,198 [INFO] main.py 起動しました。
2026-05-22 01:38:08,014 [INFO] login_lincolnでログインしました。
2026-05-22 01:38:13,133 [INFO] 強制ログインなしでログインしました。
2026-05-22 01:38:13,442 [INFO] 前回データと1日以内のため、『前日～当日』で検索します。
2026-05-22 01:38:16,634 [INFO] 最新予約（および変更情報）はありません。何もしません。
2026-05-22 17:21:30,426 [INFO] ==================================================
2026-05-22 17:21:30,426 [INFO] main.py 起動しました。
2026-05-22 17:21:50,555 [INFO] 強制ログインなしでログインしました。
2026-05-22 17:22:04,499 [INFO] ==================================================
2026-05-22 17:22:04,499 [INFO] main.py 起動しました。
2026-05-22 17:22:08,916 [INFO] ==================================================
2026-05-22 17:22:08,916 [INFO] main.py 起動しました。
2026-05-22 17:22:23,079 [INFO] 前回データと1日以内のため、『前日～当日』で検索します。
2026-05-22 17:22:26,995 [INFO] 【新着・変更あり】新しいデータを検知しました！
2026-05-22 17:22:26,995 [INFO] メインのJSONファイルを更新しました。
2026-05-22 17:22:26,995 [INFO] 未確認の新着・変更予約が 10 件あります。
2026-05-22 17:22:26,995 [INFO] ➔ 新着・変更 10 件をチェックし、キューを更新します。
2026-05-22 17:22:27,006 [INFO]    ➔ 予約番号 1729813208 の【新規 予約（N日以内）】を検知。キューの先頭に追加します。
2026-05-22 17:22:27,006 [INFO]    ➔ 予約番号 2465967698 の【新規 予約（N日以内）】を検知。キューの先頭に追加します。
2026-05-22 17:50:55,760 [INFO] ==================================================
2026-05-22 17:50:55,760 [INFO] main.py 起動しました。
2026-05-22 17:51:07,741 [INFO] 予約業務画面に移動しました。
2026-05-22 17:51:07,755 [INFO] 前回データと1日以内のため、『前日～当日』で検索します。
2026-05-22 17:51:13,818 [INFO] 【新着・変更あり】新しいデータを検知しました！
2026-05-22 17:51:13,818 [INFO] メインのJSONファイルを更新しました。
2026-05-22 17:51:13,818 [INFO] 未確認の新着・変更予約が 2 件あります。
2026-05-22 17:51:13,818 [INFO] ➔ 新着・変更 2 件をチェックし、キューを更新します。
